<?xml version="1.0" encoding="UTF-8"?>
<coverage generated="1674832989220" clover="3.2.0">
  <project timestamp="1674832989220" name="All files">
    <metrics statements="15" coveredstatements="11" conditionals="2" coveredconditionals="1" methods="8" coveredmethods="5" elements="25" coveredelements="17" complexity="0" loc="15" ncloc="15" packages="1" files="2" classes="2"/>
    <file name="Item.js" path="C:\Users\daniel.jesus\Documents\Estudos\JsBackEnd\Testes_unitarios\carrinho\Item.js">
      <metrics statements="4" coveredstatements="4" conditionals="0" coveredconditionals="0" methods="2" coveredmethods="2"/>
      <line num="4" count="3" type="stmt"/>
      <line num="5" count="3" type="stmt"/>
      <line num="6" count="3" type="stmt"/>
      <line num="10" count="1" type="stmt"/>
    </file>
    <file name="carrinho.js" path="C:\Users\daniel.jesus\Documents\Estudos\JsBackEnd\Testes_unitarios\carrinho\carrinho.js">
      <metrics statements="11" coveredstatements="7" conditionals="2" coveredconditionals="1" methods="6" coveredmethods="3"/>
      <line num="5" count="4" type="stmt"/>
      <line num="6" count="4" type="stmt"/>
      <line num="7" count="4" type="stmt"/>
      <line num="8" count="4" type="stmt"/>
      <line num="12" count="1" type="stmt"/>
      <line num="16" count="0" type="stmt"/>
      <line num="20" count="0" type="stmt"/>
      <line num="21" count="0" type="stmt"/>
      <line num="25" count="1" type="cond" truecount="1" falsecount="1"/>
      <line num="26" count="1" type="stmt"/>
      <line num="28" count="0" type="stmt"/>
    </file>
  </project>
</coverage>
